
ROM used:   278/8192 (3%)
            278/8192 (3%) including unused fragments

            0.4 Average locations per line
            5.8 Average locations per statement

RAM used:   30/368 (8%) at main() level
            34/368 (9%) worst case

Stack used: 1 worst case (0 in main + 1 for interrupts)
Stack size: 8

Lines Stmts  %   Files
----- ----- ---  -----
   83    48 100  main.c
  661     0   0  ..\..\..\..\Program Files (x86)\PICC\Devices\16f877A.h
----- -----
  744    48 Total

Page ROM  %  RAM   Vol Diff  Functions:
---- --- --- ---   --- ----  ----------
0     21   8    1   485  7.8  @delay_ms1
0     55  20    0   302  4.2  timer0_kesmesi
0     21   8    3   336  2.8  @DIV88
0     51  18    1   399  1.9  seven_segment
0     83  30    0   461  2.9  MAIN
 Inline         0   231  6.6  @cinit1

Program metrics:
    Functions               6
    Statements              48
    Comments                120
    Volume (V)              3264
    Difficulty (D)          26.1
    Effort to implement (E) 85070
    Time to implement (T)   1 hours, 19 minutes
    Est Delivered Bugs (B)  1
    Cyclomatic Complexity   6
    Maintainability (MI)    134

 Segment     Used  Free
-----------  ----  ----
00000-00003     4  0  
00004-0002E    43  0  
0002F-007FF   231  1770  
00800-00FFF     0  2048  
01000-017FF     0  2048  
01800-01FFF     0  2048  



